20231129	21:57:15	e223d70f-f155-45cb-8ced-d7bbbfcd2d79	Login success	70001	http://localhost:3500
20231129	22:00:27	fe4ed51b-ee29-4fc3-beb8-1822feed846d	Login success	70001 	http://localhost:3500
20231129	22:00:57	77decb84-7909-4aa2-96a1-fa2ae77c1d4d	Login success	70001	http://localhost:3500
20231129	22:02:15	6a9fc674-f636-40dd-a93c-82b684b56ac8	Login success	70001	http://localhost:3500
20231129	22:02:46	9740d08f-01cf-4b83-b1f9-f220a9ff8e6f	Login success	70001	http://localhost:3500
20231129	22:08:07	2a73d08a-eca7-4d20-9246-386ab98ef4cf	Login success	Belgium	http://localhost:3500
20231129	22:09:57	da4e1b96-0eab-4a5d-a069-202a5252b226	Login success	Belgium	http://localhost:3500
20231129	22:16:41	943bf725-afaf-4730-9204-f72069abd122	Login success	Belgium	http://localhost:3500
20231129	22:21:02	9c198c1d-9b05-4f44-a799-1238b6d8484a	Login success	undefined	http://localhost:3500
20231129	22:23:55	eebf162f-06a6-46e6-beae-bde014854571	Login success	undefined	http://localhost:3500
20231129	22:34:08	a99e887b-aaef-4a6e-89ee-0a064383fd8f	Login success	undefined	http://localhost:3500
20231129	22:37:02	5637f6f0-e029-45bb-93f6-8d3545d385eb	Login success	undefined	http://localhost:3500
20231129	22:37:31	e35170e8-4ae1-40ac-9660-c550ff9211bc	Login success	undefined	http://localhost:3500
20231129	22:37:43	7033fb57-a960-4c96-b322-581d0ba49bf8	Login success	undefined	http://localhost:3500
20231129	22:38:54	87535046-3c06-4069-bb1e-b46f9f32c1ce	Login success	undefined	http://localhost:3500
20231129	22:42:02	b1e9e8ca-26fa-42a0-ac65-144289d41fb2	Login success	undefined	http://localhost:3500
20231129	22:43:33	88623897-b1c1-4a16-bcc3-b7a224a6c3e2	Login success	undefined	http://localhost:3500
20231129	22:44:16	7feb16c6-e25b-4444-8483-08969a0faf75	Login success	undefined	http://localhost:3500
20231129	22:44:26	73ffdf4a-e649-426f-b3cb-e16ce8e99f71	Login success	undefined	http://localhost:3500
20231129	22:46:31	8a1f6b79-424c-4528-b5a7-bf9aa24776d8	Login success	undefined	http://localhost:3500
20231129	22:48:14	49af8904-57db-426c-b517-a7794000c1f7	Login success	undefined	http://localhost:3500
20231129	22:49:51	148c67dd-8488-4f60-8e67-7f197e019537	Login success	undefined	http://localhost:3500
20231129	22:50:31	c831682d-a89c-486a-a50e-168b13a41202	Login success	undefined	http://localhost:3500
20231129	22:53:35	c1fa038e-b99f-4962-93a9-cfabf13eb0bf	Login success	undefined	http://localhost:3500
20231129	23:01:49	1de61f14-6f7c-4ecf-b811-c110460f2d4a	Login success	undefined	http://localhost:3500
20231129	23:02:27	9f87e27b-5b4e-4a2d-846e-8627c493764b	Login success	undefined	http://localhost:3500
20231129	23:07:20	3c3f9170-5631-4fe7-afdb-eb250a1a3caf	Login success	undefined	http://localhost:3500
20231129	23:07:41	f4e7fbe0-2cd2-493a-8da8-39cbc02e2151	Login success	undefined	http://localhost:3500
20231129	23:09:26	acd44929-9494-4685-a1d1-243e0b31423b	Login success	undefined	http://localhost:3500
20231129	23:10:22	ab8715b7-8014-4041-b694-b714b037e9fc	Login success	undefined	http://localhost:3500
20231129	23:14:48	180563db-b505-4b35-b222-fb02553b6656	Login success	undefined	http://localhost:3500
20231129	23:26:28	e2fa3570-bb27-4eed-8326-4eaaa48de64c	Login success	undefined	http://localhost:3500
20231129	23:32:26	17b20f9f-0de0-4522-841f-b4d179ec34bd	Login success	undefined	http://localhost:3500
20231129	23:34:37	4cff0dc5-c391-4b85-9712-b8ee488e3840	Login success	undefined	http://localhost:3500
20231129	23:37:38	769b94ef-d935-4620-84f4-4d3c95b0b6c9	Login success	undefined	http://localhost:3500
20231129	23:39:37	510b4b00-fd90-4ca2-8c43-b8003ad9b672	Login success	undefined	http://localhost:3500
20231130	11:13:35	e757caa7-158e-411d-a337-9e74dbd35de3	Login success	undefined	http://localhost:3500
20231130	11:14:17	96bd80cf-d2c2-432c-9fe0-f38290cd3430	Login success	undefined	http://localhost:3500
20231130	11:16:34	e2fba417-0df4-4a7c-97f8-38c8c462e79e	Login success	undefined	http://localhost:3500
20231130	11:28:24	498700e0-27b7-4b84-8ee6-2558825d7e04	Login success	Belgium Campus	http://localhost:3500
20231130	11:29:42	f1b7677a-5574-4a19-8208-ab926fdc0f2f	Login success	Belgium Campus	http://localhost:3500
20231130	11:44:21	9d7e8199-d14f-41c2-8b15-d0d494b51404	Login success	diploma	http://localhost:3500
20231130	11:44:40	11a58385-b3a5-4603-957f-cdcb0384dc32	Login success	Belgium Campus	http://localhost:3500
20231130	11:45:23	c7faa4ba-6039-497e-9a89-ed76ccd80178	Login success	Belgium Campus	http://localhost:3500
20231130	11:47:48	7729576c-87bf-4d9a-b0ea-28f566f632f8	Login success	Belgium Campus	http://localhost:3500
