20231129	21:56:06	de5ca804-ae62-49a5-8c29-3decd2cf4343	GET	/index	undefined
20231129	21:56:06	3abc45d5-8ee5-474e-ba8a-96bce1ed09d8	GET	/images/pic01.jpg	undefined
20231129	21:56:06	0848f54b-ea18-4553-9179-5b646344b324	GET	/images/pic02.jpg	undefined
20231129	21:56:06	aa738ef0-3ee1-4c57-8387-1a6201034400	GET	/images/pic03.jpg	undefined
20231129	21:56:06	f800aed8-2ec7-4a80-977c-6a836115f350	GET	/images/pic05.jpg	undefined
20231129	21:56:06	3097071b-6d7d-4f0c-ad53-f47173a6f4a8	GET	/images/pic04.jpg	undefined
20231129	21:56:06	88e148d0-8bc5-4baa-b914-1a8793632324	GET	/images/pic06.jpg	undefined
20231129	21:56:06	4adc219c-9bf1-4904-b769-6385f141ef03	GET	/images/pic07.jpg	undefined
20231129	21:56:07	a264cf36-345f-451e-a52c-72edda91f32c	GET	/images/bg.jpg	undefined
20231129	21:56:07	c74f26dc-35e7-48a6-8a6e-4523b83849aa	GET	/favicon.ico	undefined
20231129	21:56:12	6e86ea5f-027c-471b-9321-0c1d980fe5e1	GET	/login	undefined
20231129	21:56:26	5eb05650-0d1d-4a5b-9cb9-9ff0c8501812	GET	/signup	undefined
20231129	21:56:45	f8b862ec-c0bd-4095-a097-fc7761c0f5b5	POST	/register	http://localhost:3500
20231129	21:56:45	48e7dfd2-c301-4911-8ae4-c3a40eb3da1f	GET	/login	undefined
20231129	21:57:15	7a0845a0-f971-43a7-b9ab-5143edda32ee	POST	/login	http://localhost:3500
20231129	21:57:15	b3322344-72af-474c-91d5-84b1e162894d	GET	/index	undefined
20231129	21:57:15	3198e5a7-df7d-449b-926b-c8c1403ed2b1	GET	/images/pic01.jpg	undefined
20231129	21:57:15	1f3d7589-fcc4-4c16-8726-989e2de18308	GET	/images/pic02.jpg	undefined
20231129	21:57:15	1c182420-57ed-4b22-b9c0-b51c2cc2d330	GET	/images/pic03.jpg	undefined
20231129	21:57:15	80e6481b-0b40-493d-a574-79cd156bd2aa	GET	/images/pic04.jpg	undefined
20231129	21:57:15	74fc4bb4-c160-42fc-88de-8e836779f241	GET	/images/pic05.jpg	undefined
20231129	21:57:15	85edbca8-7451-42cd-9a53-e76147a987f1	GET	/images/pic06.jpg	undefined
20231129	21:57:15	8c6a865e-c716-467f-b54f-3cc1a57e5211	GET	/images/pic07.jpg	undefined
20231129	21:57:15	e0b745a2-53e6-4c0b-92f3-eb3d4bad4edc	GET	/images/bg.jpg	undefined
20231129	22:00:18	30b04c9a-de96-46f0-89b0-eff7d6fb4f96	GET	/login	undefined
20231129	22:00:27	5a85a1ba-102f-4486-b861-fb7994d11b17	POST	/login	http://localhost:3500
20231129	22:00:27	8312d219-0bf9-4ab5-b4b3-9ed462dcff6b	GET	/index	undefined
20231129	22:00:27	d575ac2a-a915-42c2-8a3f-1a87cc2ba063	GET	/images/pic01.jpg	undefined
20231129	22:00:27	437d26d3-a652-4070-8a9d-4b235bffa65c	GET	/images/pic02.jpg	undefined
20231129	22:00:27	bf62f762-ee91-491a-84e9-b9b418eeb6c7	GET	/images/pic05.jpg	undefined
20231129	22:00:27	db10f5f7-e032-4c6c-8fd8-0628a68778b2	GET	/images/pic03.jpg	undefined
20231129	22:00:27	cee39a46-4086-47ed-a91c-abb063151d5f	GET	/images/pic04.jpg	undefined
20231129	22:00:27	74a67b8a-c54b-4811-825f-71219265c1cc	GET	/images/pic06.jpg	undefined
20231129	22:00:27	9b3673a3-572d-4372-96fa-ca9ea37f6e03	GET	/images/pic07.jpg	undefined
20231129	22:00:27	8eeda8af-c4b0-41ee-834d-15588e80651b	GET	/images/bg.jpg	undefined
20231129	22:00:56	98002710-0cd9-480e-9269-d4b9b873965a	GET	/login	undefined
20231129	22:00:57	b96a08f9-376f-44e3-a28b-b7b499832261	POST	/login	http://localhost:3500
20231129	22:02:15	9f57daa3-98a8-4c53-9d41-c916e521672a	POST	/login	http://localhost:3500
20231129	22:02:15	9a381e64-35a4-468f-84ee-b27f4d60e49b	GET	/index	undefined
20231129	22:02:15	fc91fe06-d077-476d-9a2c-d9124bfca83e	GET	/images/pic01.jpg	undefined
20231129	22:02:15	4f3845ba-8e96-446d-8e3a-e1ea3ca2f530	GET	/images/pic02.jpg	undefined
20231129	22:02:15	34d5c65e-813a-4b07-ad96-fcefcb5eee4b	GET	/images/pic03.jpg	undefined
20231129	22:02:15	7b55db61-ceee-4c05-9fd6-bc71cc997877	GET	/images/pic05.jpg	undefined
20231129	22:02:15	a42b3b8b-b0e1-43cc-befe-b18bce38ab77	GET	/images/pic04.jpg	undefined
20231129	22:02:15	31760052-f10f-4c70-8143-6cdd13ac9548	GET	/images/pic06.jpg	undefined
20231129	22:02:15	8c0bbddd-c222-4e70-9d7d-44c955fe7927	GET	/images/pic07.jpg	undefined
20231129	22:02:15	ca8ca66f-8946-4c12-9364-94eb21a912b9	GET	/images/bg.jpg	undefined
20231129	22:02:45	56e6911b-1c76-4f57-a6ec-032bfb16897f	GET	/login	undefined
20231129	22:02:46	0a025e19-78a4-4ece-b765-8d5b58130321	POST	/login	http://localhost:3500
20231129	22:02:46	83b992a7-14a1-47d2-9cab-c61a83104b9d	GET	/index	undefined
20231129	22:02:47	1be468a2-09b4-4940-9151-cbc486c054b4	GET	/images/pic01.jpg	undefined
20231129	22:02:47	5412e65b-5b1c-4b5f-ba78-fa735ae43745	GET	/images/pic03.jpg	undefined
20231129	22:02:47	a53fe728-f707-401d-895f-6defcdfb2237	GET	/images/pic02.jpg	undefined
20231129	22:02:47	3e17032d-440f-44e6-8d98-de362cebe400	GET	/images/pic04.jpg	undefined
20231129	22:02:47	e3e2f345-1d41-4397-bf3a-9b8036ae9c33	GET	/images/pic05.jpg	undefined
20231129	22:02:47	f112c1dc-0930-4118-9e51-10e8733aeb81	GET	/images/pic06.jpg	undefined
20231129	22:02:47	902dcc1a-9914-4349-9a82-bf7058451665	GET	/images/pic07.jpg	undefined
20231129	22:02:47	dce7c45d-a2bb-4588-adf7-4dbf2c00c028	GET	/images/bg.jpg	undefined
20231129	22:07:50	dbcc4a4a-8a7d-42c1-a2fb-701c63702a61	GET	/login	undefined
20231129	22:08:07	e72cd9d8-247d-441d-a5e6-408af0f03695	POST	/login	http://localhost:3500
20231129	22:09:57	e93bef39-138b-4b35-86e5-27f5c9d0c45f	POST	/login	http://localhost:3500
20231129	22:16:31	7371f9a5-90dc-4e9c-a85b-ea7f2fc5b940	GET	/index	undefined
20231129	22:16:31	00965242-ce29-4be9-95fa-7ccb2991c992	GET	/images/pic01.jpg	undefined
20231129	22:16:31	d4f16ba6-6996-4423-b262-97d7ef8f6a54	GET	/images/pic02.jpg	undefined
20231129	22:16:31	9cfeb8b0-4b5f-49f3-b066-18839ea26ed8	GET	/images/pic03.jpg	undefined
20231129	22:16:31	da4a2c08-75e4-4550-85da-6604e04859c2	GET	/images/pic04.jpg	undefined
20231129	22:16:31	4853a708-cb10-4b5e-aaa9-d3e27acb5254	GET	/images/pic05.jpg	undefined
20231129	22:16:31	aa197b10-d081-4bfe-a46b-54191c500304	GET	/images/pic06.jpg	undefined
20231129	22:16:31	0683df66-2b43-4af1-9201-98a9747c8b96	GET	/images/pic07.jpg	undefined
20231129	22:16:31	6ccc7fa1-84e0-4476-be11-426c538247f4	GET	/images/bg.jpg	undefined
20231129	22:16:31	0012efb5-c1cf-40d2-bff5-0f0a0f256ab7	GET	/favicon.ico	undefined
20231129	22:16:33	58ce60ec-bcd9-409a-a88f-cbf6e5daca9a	GET	/login	undefined
20231129	22:16:41	81411874-eac7-40a9-a3d5-838f583d3917	POST	/login	http://localhost:3500
20231129	22:20:38	b5e3c3c1-f595-4013-8932-f7a0b97f7bb8	GET	/login	undefined
20231129	22:20:52	b9d2af5b-5671-4686-81cd-76c2451df249	GET	/login	undefined
20231129	22:21:02	ba209ba8-a413-4bc9-a537-da0063ef800c	POST	/login	http://localhost:3500
20231129	22:21:02	b4f7f835-a4f2-4d9e-adec-17238aa9d1da	GET	/index	undefined
20231129	22:21:02	a4fc6830-2b84-4c6e-ad38-38c737c4e983	GET	/images/pic01.jpg	undefined
20231129	22:21:02	673f3272-d23c-4881-bbff-c0119a3e485e	GET	/images/pic02.jpg	undefined
20231129	22:21:02	6e2c22b4-0735-4ec2-8778-480bd5c085b6	GET	/images/pic05.jpg	undefined
20231129	22:21:02	bc36fa8b-702c-44c0-8f04-d25cc6eb1d82	GET	/images/pic03.jpg	undefined
20231129	22:21:02	8d6adf48-244f-4a0f-9313-eafef044463b	GET	/images/pic04.jpg	undefined
20231129	22:21:02	5b205327-4ab5-4ab6-adad-cb9331464bf7	GET	/images/pic06.jpg	undefined
20231129	22:21:02	d79f41a6-70df-4918-8fa4-a8332d29867f	GET	/images/pic07.jpg	undefined
20231129	22:21:02	90a3c150-9dec-48e9-a1de-9a84ef7c358a	GET	/images/bg.jpg	undefined
20231129	22:23:49	3ab650f2-aa17-47c5-b304-d77eddbc47a4	GET	/login	undefined
20231129	22:23:55	afd296e3-65e8-4a6d-80f6-5712c72b10d2	POST	/login	http://localhost:3500
20231129	22:23:56	06cb4c00-0edc-45dd-a8c6-e4eb04f1514f	GET	/login	undefined
20231129	22:34:08	269cf3dc-53a1-4cc9-af94-198fe527d3b7	POST	/login	http://localhost:3500
20231129	22:34:09	8a7cb8ae-be94-4d90-9eec-eb0cc186840d	GET	/login	undefined
20231129	22:37:02	4cd267ff-806e-4a46-a67a-f9694602ce43	POST	/login	http://localhost:3500
20231129	22:37:02	6e1a7b62-45b7-4c38-b9dc-f960e2e017b4	GET	/restricted/developer	undefined
20231129	22:37:28	8553366e-e068-425d-9230-d3ea2f4069e6	GET	/restricted/developer	undefined
20231129	22:37:31	fb9e1d1f-fa7c-462e-8023-85b6c0b5fb0a	POST	/login	http://localhost:3500
20231129	22:37:32	b6f2e4cf-9c0a-496b-acb7-00c786382bac	GET	/developer	undefined
20231129	22:37:43	d88ed1ed-3a03-4fc1-925e-1f6676865a30	POST	/login	http://localhost:3500
20231129	22:37:43	804abbbd-cb0f-445b-81fc-06d73a76aec9	GET	/developer	undefined
20231129	22:38:23	2fd8b2bd-552b-4a46-96d7-70ff5779759a	GET	/developer	undefined
20231129	22:38:51	5c611b36-58ec-4c93-abed-d1a05f1fee6e	GET	/developer	undefined
20231129	22:38:54	208f9097-2eeb-405f-b15f-b8362a373f90	POST	/login	http://localhost:3500
20231129	22:38:54	99c3ce99-e8e8-4b39-957a-c54920867470	GET	/developer	undefined
20231129	22:41:57	1b3fc2c1-972c-4260-842b-92e9cdebcd43	GET	/login	undefined
20231129	22:42:02	26f3bc7b-ae5d-4334-9c6d-ef207f72441c	POST	/login	http://localhost:3500
20231129	22:42:02	7c4d4e79-759f-473a-a6b0-fb8ec62d923a	GET	/restricted/developer	undefined
20231129	22:42:59	949149df-cd30-496d-a339-ef2d3b3f0ded	GET	/restricted/developer	undefined
20231129	22:43:03	f8d60c95-fe5d-45ae-8bf6-576465e6e7f9	GET	/restricted/developer	undefined
20231129	22:43:09	6e8831db-03d5-4a48-9844-a03af10261be	GET	/	undefined
20231129	22:43:20	a0e45b61-6517-4887-aaf0-5c9d1039bbd8	GET	/index	undefined
20231129	22:43:20	eab12f40-c41d-4782-8688-d5cbbf76cf86	GET	/images/pic01.jpg	undefined
20231129	22:43:20	de0affad-35f0-47c3-9dbd-b5779ec78dc2	GET	/images/pic03.jpg	undefined
20231129	22:43:20	17ca3ee5-6f22-4877-bbeb-bcdd024bacae	GET	/images/pic04.jpg	undefined
20231129	22:43:20	04149393-6503-4a6a-b258-1725a44b33df	GET	/images/pic02.jpg	undefined
20231129	22:43:20	9ac665f0-6d86-45c1-b3ae-75ca14e7f3af	GET	/images/pic05.jpg	undefined
20231129	22:43:20	d444e216-4da9-4e39-85a9-59271299bf5a	GET	/images/pic06.jpg	undefined
20231129	22:43:20	c5b293d4-db11-44a4-8804-b11296e7242b	GET	/images/pic07.jpg	undefined
20231129	22:43:20	d25e8f7c-1e2e-42fe-8e84-96e29490ef68	GET	/images/bg.jpg	undefined
20231129	22:43:25	5c6c90fb-a55f-49ca-a381-a7a2cda890b2	GET	/login	undefined
20231129	22:43:33	781b4aea-9547-4757-82d2-b2ce73a1286e	POST	/login	http://localhost:3500
20231129	22:43:34	fe223ea2-6cbf-4a59-8d8d-cd5a34cf40b5	GET	/restricted/developer	undefined
20231129	22:44:08	9e48c615-7514-4d29-bea6-0bc8dcde46b1	GET	/index	undefined
20231129	22:44:08	6f25c797-9833-4678-9dd5-87749838dc59	GET	/images/pic02.jpg	undefined
20231129	22:44:08	851f5fbc-6954-483b-b22e-b2f11a8a8b98	GET	/images/pic01.jpg	undefined
20231129	22:44:08	87874804-7a89-4735-9b1d-38e0135b489f	GET	/images/pic03.jpg	undefined
20231129	22:44:08	c35f3712-5e45-497f-a23e-ad52bbeddd47	GET	/images/pic04.jpg	undefined
20231129	22:44:08	fa021a28-1884-46ad-b42b-bc7e379948ff	GET	/images/pic05.jpg	undefined
20231129	22:44:08	ab748545-266b-45ed-af96-b70b3658dbb8	GET	/images/pic06.jpg	undefined
20231129	22:44:08	00a9b59e-5fd0-4cd3-b23d-177ed9d0646b	GET	/images/pic07.jpg	undefined
20231129	22:44:08	d9b5245d-69aa-49b5-aa3a-26b3ed1be9ab	GET	/images/bg.jpg	undefined
20231129	22:44:11	62a6d6dd-f959-496d-a948-8571cd189202	GET	/login	undefined
20231129	22:44:16	28e02fda-0b7b-40d2-b1a5-5f2b15177e86	POST	/login	http://localhost:3500
20231129	22:44:26	0a835c39-2bc0-4b9c-ab28-73bad4205351	POST	/login	http://localhost:3500
20231129	22:44:26	f5ba1747-dae4-4418-a601-cd2b3d8e54ba	GET	/restricted/developer	undefined
20231129	22:46:29	6de6da72-4cf0-4eaa-8c68-e5df91e46f93	GET	/restricted/developer	undefined
20231129	22:46:29	0b8322e4-e71f-432b-9267-f3d46b8cd4fc	GET	/restricted/developer	undefined
20231129	22:46:31	b24be084-b4e6-4222-807e-dadc53664e7a	POST	/login	http://localhost:3500
20231129	22:46:31	a0a07f71-8388-4898-abff-6279919da0bb	GET	/restricted/developer	undefined
20231129	22:47:33	b5701216-5cf4-4501-8672-135fe55c90f0	GET	/index	undefined
20231129	22:47:33	baef75b1-85ec-4830-95f4-d1bfab451310	GET	/images/pic02.jpg	undefined
20231129	22:47:33	b06c137d-dc84-458e-92c5-29d780d21ae8	GET	/images/pic01.jpg	undefined
20231129	22:47:33	275ffe83-c2e5-4aab-ab2d-dac90be28e7c	GET	/images/pic03.jpg	undefined
20231129	22:47:33	0209ce6d-2c19-45f6-acfb-5c84a9f7548d	GET	/images/pic05.jpg	undefined
20231129	22:47:33	49b33b3b-c994-4d53-8ff3-5434edf8c4c1	GET	/images/pic04.jpg	undefined
20231129	22:47:33	8d964989-8e32-403a-b352-40ce33a4da87	GET	/images/pic06.jpg	undefined
20231129	22:47:33	db8f5bd4-925e-436f-85d5-13b1ab0ea834	GET	/images/pic07.jpg	undefined
20231129	22:47:33	2b06a026-6772-48fd-a7b1-6b264c34537d	GET	/images/bg.jpg	undefined
20231129	22:47:40	977776a6-98e4-4caf-bc3a-75d14fedea81	GET	/login	undefined
20231129	22:47:41	a7b67212-236b-4446-9db0-0d83211a66bf	GET	/signup	undefined
20231129	22:48:00	437913dd-5086-4902-b09f-991c959782df	POST	/register	http://localhost:3500
20231129	22:48:00	39029aed-c6fb-4c34-b2e0-85b3f6a7ff3e	GET	/login	undefined
20231129	22:48:14	508bd1ea-e442-4626-8dfa-d5ec8328b52d	POST	/login	http://localhost:3500
20231129	22:48:15	94d9434d-2406-4d7f-9f1c-c1ccf1205e8f	GET	/restricted/developer	undefined
20231129	22:49:51	b11f24cd-476a-4143-890f-423f7dd5aa27	POST	/login	http://localhost:3500
20231129	22:49:53	4a09b696-d228-470a-93a4-196120a24030	GET	/login	undefined
20231129	22:49:54	97f83941-0f88-4274-ae62-66c21bfab6fe	GET	/signup	undefined
20231129	22:50:02	c831089b-3120-423a-81be-2e0a3e52c5b5	POST	/register	http://localhost:3500
20231129	22:50:02	6e0e989d-3b86-4192-97c5-d9b3412019c3	GET	/login	undefined
20231129	22:50:31	b12c1fbc-8584-49bf-8392-5a1d826ce2b3	POST	/login	http://localhost:3500
20231129	22:50:32	ddddc811-9476-4eaf-b88f-620b7aef2a9a	GET	/restricted/developers	undefined
20231129	22:52:56	4e520ff3-4b3b-47de-be5d-d4a9bbba6c1a	GET	/restricted/developers	undefined
20231129	22:52:57	eb40a940-28c5-4272-a1ed-1d67e46d4ac9	GET	/restricted/developers	undefined
20231129	22:53:05	8910aafc-e69c-404b-a238-6254e78952c5	GET	/developers	undefined
20231129	22:53:13	8597c287-2c86-4a67-bb79-7de34ccac058	GET	/restricted/developer	undefined
20231129	22:53:15	791ceea2-5174-43fb-baa9-ec60804c994b	GET	/index	undefined
20231129	22:53:15	83f47854-8d14-48d5-bc5b-6b02ae443cae	GET	/images/pic01.jpg	undefined
20231129	22:53:15	5c82c77a-e176-48a9-957f-0a9e32200b58	GET	/images/pic02.jpg	undefined
20231129	22:53:15	e7a44e24-6ee3-43f7-9ad9-97ff9b3ba3a6	GET	/images/pic03.jpg	undefined
20231129	22:53:15	d526e142-fc87-4921-987a-2de5f27e5df6	GET	/images/pic05.jpg	undefined
20231129	22:53:15	00a468b6-95e1-40bb-bc70-ea9547bcd439	GET	/images/pic04.jpg	undefined
20231129	22:53:15	7adfc76c-f540-476b-9e82-1bb91b2de859	GET	/images/pic06.jpg	undefined
20231129	22:53:15	7bafd755-ecb9-460b-befc-fa3b278b010e	GET	/images/pic07.jpg	undefined
20231129	22:53:15	8ed257de-cd10-40ab-8a7e-cd0a7c74b47d	GET	/images/bg.jpg	undefined
20231129	22:53:16	3a3ead7d-a60c-42aa-8985-55b1d4d5820c	GET	/index	undefined
20231129	22:53:16	a8db49a6-2f38-4222-ad1b-d14f1eb099d5	GET	/images/pic02.jpg	undefined
20231129	22:53:16	3e33553d-03f2-4066-a35e-b9186a403d3e	GET	/images/pic01.jpg	undefined
20231129	22:53:16	7e05a227-a52f-425f-87c5-9f702a512b1a	GET	/images/pic03.jpg	undefined
20231129	22:53:16	541c0224-6fbf-4c46-a6b5-16e756b27a41	GET	/images/pic05.jpg	undefined
20231129	22:53:16	1cb2c7c5-334c-424e-afeb-aaca0f76048e	GET	/images/pic04.jpg	undefined
20231129	22:53:16	b8ead74b-677b-4da6-871e-dfa0470ad07f	GET	/images/pic06.jpg	undefined
20231129	22:53:16	3d4abe15-8519-4460-87e4-6e25c8fb626e	GET	/images/pic07.jpg	undefined
20231129	22:53:16	4afc5a90-6327-4ce4-9450-5cf7d4e973ff	GET	/images/bg.jpg	undefined
20231129	22:53:19	90423b68-217e-4063-a11f-7bbcfad8004c	GET	/login	undefined
20231129	22:53:21	17aed8f3-ae7a-4ba1-9cf0-1c0344a8c4fe	GET	/signup	undefined
20231129	22:53:28	698c298e-602b-47f6-8e67-b2a54fce9021	POST	/register	http://localhost:3500
20231129	22:53:29	1495e5f6-b77d-4f29-b773-1feb0cbcbe76	GET	/login	undefined
20231129	22:53:35	ce258fe5-bc04-49fa-9424-b21de4aa3d58	POST	/login	http://localhost:3500
20231129	22:53:35	2f0356b0-8752-4445-9716-7675c30f106b	GET	/developers	undefined
20231129	23:01:49	4408da92-70de-4754-b59a-579d51d43425	POST	/login	http://localhost:3500
20231129	23:01:49	e5dd9a7e-f6ed-4f06-a10d-6fec4029bba8	GET	/developers	undefined
20231129	23:01:59	5ffd116f-2ead-499d-8872-a91f68a16e9e	POST	/register	http://localhost:3500
20231129	23:02:08	a5805c9e-f538-4e35-ac0a-e8a3bc593de1	POST	/register	http://localhost:3500
20231129	23:02:16	c930343e-7489-463b-9317-7c7b3187c173	POST	/register	http://localhost:3500
20231129	23:02:16	605baaf7-b991-4648-8b5f-01b25ef0385c	GET	/login	undefined
20231129	23:02:27	1656f9bb-8696-4bfc-9c53-c96d1c26ede8	POST	/login	http://localhost:3500
20231129	23:02:27	f5db915f-19f9-4d20-be3d-94b333d4b5b3	GET	/developers	undefined
20231129	23:07:20	f96a1270-eeeb-46db-930b-db09778ec6af	POST	/login	http://localhost:3500
20231129	23:07:20	6bb934a9-f241-4411-8578-9daedd8af780	GET	/login	undefined
20231129	23:07:41	dc9eca27-b8e3-4372-9a7c-e4d463a21f14	POST	/login	http://localhost:3500
20231129	23:07:42	b1d81f0f-7b26-4526-a514-00edac1cf566	GET	/developers	undefined
20231129	23:09:26	09e22948-3c51-43d5-98b2-c603296f8e27	POST	/login	http://localhost:3500
20231129	23:09:26	0626c151-fb18-47c5-aa06-76862509d026	GET	/developers	undefined
20231129	23:10:22	16635ad9-31cb-4ccc-814f-1c350066f7b9	POST	/login	http://localhost:3500
20231129	23:10:22	cf1876d4-0d8d-47a9-9cb6-f93671d1e909	GET	/developers	undefined
20231129	23:14:48	8ab49517-e0bd-4302-9f7a-0ab3de317177	POST	/login	http://localhost:3500
20231129	23:14:48	56ae2b78-6c40-4bd7-84c3-2fa53bde41ef	GET	/developers	undefined
20231129	23:25:55	b0326238-8952-47d3-bb66-f272837b833b	GET	/index	undefined
20231129	23:25:55	7101dff3-4109-4d55-afa3-52cdd1cbc9f3	GET	/images/pic01.jpg	undefined
20231129	23:25:55	fe5547be-027a-461b-9288-678629c04dd7	GET	/images/pic02.jpg	undefined
20231129	23:25:55	f6e4c5f3-1645-4056-8bd6-84bf5fa57dc0	GET	/images/pic03.jpg	undefined
20231129	23:25:55	0dd957b5-6388-4b8b-9515-d5ac683b5024	GET	/images/pic04.jpg	undefined
20231129	23:25:55	05bce3b5-6dc1-4a5b-ac1b-cd0217a2daa3	GET	/images/pic05.jpg	undefined
20231129	23:25:55	b8640fc8-b9df-4930-b5e3-aaf05d950c9b	GET	/images/pic06.jpg	undefined
20231129	23:25:55	240e38d5-9136-4943-ae36-e1e57f2ad391	GET	/images/pic07.jpg	undefined
20231129	23:25:55	82a978cc-a5be-49be-8d6c-c544f0d01642	GET	/images/bg.jpg	undefined
20231129	23:26:00	4d0acbb9-4ac3-4dcd-bc96-ef28e247343e	GET	/login	undefined
20231129	23:26:28	859927e4-1e45-4173-82e5-27ea7c91e7cf	POST	/login	http://localhost:3500
20231129	23:26:28	22242250-9096-4b7a-ab8f-ed91afcdb316	GET	/developers	undefined
20231129	23:32:26	376d4509-71da-4966-a937-f89790582f69	POST	/login	http://localhost:3500
20231129	23:34:37	fb835d62-0123-42db-b698-3d5bc4958332	POST	/login	http://localhost:3500
20231129	23:37:38	25e93e5f-d969-47a5-b921-308f6f5a7831	POST	/login	http://localhost:3500
20231129	23:39:37	c217d32a-ee18-47d0-b268-b5e98f704d39	POST	/login	http://localhost:3500
20231130	11:02:06	c0ce3b31-86db-45f0-bf61-49e68debf6eb	GET	/	undefined
20231130	11:02:11	509c4a60-9b8c-43ee-998f-4f82028a3af8	GET	/index	undefined
20231130	11:02:11	9c8cb451-1852-4619-901c-da60440a8220	GET	/	undefined
20231130	11:02:14	2543f29d-c20b-4e79-b7d8-1626ce3df81b	GET	/	undefined
20231130	11:02:23	42738bb3-7077-45ea-b23b-62446ba23cd1	GET	/index	undefined
20231130	11:02:23	491076d6-b5e1-4bbd-a181-d5cc35f1153c	GET	/	undefined
20231130	11:02:39	7c69e686-c40d-4e86-9d47-38cef24aa872	GET	/	undefined
20231130	11:02:43	30651d2b-f1e2-473a-b8af-0ee99641756a	GET	/index	undefined
20231130	11:02:43	807071ae-0d80-42a9-9515-6015b1e5a497	GET	/images/pic02.jpg	undefined
20231130	11:02:43	a84b103a-333f-48af-8bb2-6d642fd504b3	GET	/images/pic01.jpg	undefined
20231130	11:02:43	42c220e8-252a-43f1-9422-b77e8becb453	GET	/images/pic03.jpg	undefined
20231130	11:02:43	dacb769d-4599-4dd0-a744-928b253471ef	GET	/images/pic04.jpg	undefined
20231130	11:02:43	da67c07e-ab65-4cde-9ba4-6b7ae8d953cf	GET	/images/pic05.jpg	undefined
20231130	11:02:43	b7401758-1972-4ef0-9106-6584fd9921ec	GET	/images/pic06.jpg	undefined
20231130	11:02:43	1ef8f436-a326-4d8c-aafc-d2d87700707e	GET	/images/pic07.jpg	undefined
20231130	11:02:43	c3da74df-0c24-421f-817e-4e565cb13438	GET	/images/bg.jpg	undefined
20231130	11:02:44	27458738-8a2e-43b1-bb0b-fc18bcfaa3ff	GET	/favicon.ico	undefined
20231130	11:04:17	74e479cd-1fce-490c-bd6e-27dfa3d87e8e	GET	/	undefined
20231130	11:04:17	71dafa3e-db24-4432-a4a5-715cda5d4500	GET	/images/pic01.jpg	undefined
20231130	11:04:17	d5e59cac-4e57-4bf4-93c2-00f500d7c5b2	GET	/images/pic03.jpg	undefined
20231130	11:04:17	03ab5de0-f020-4fb5-ad5c-7490d771bfe9	GET	/images/pic04.jpg	undefined
20231130	11:04:17	cd8950b4-101a-4a7c-b899-45c389f04191	GET	/images/pic02.jpg	undefined
20231130	11:04:17	9eb3a6be-b2f5-44a0-a938-972de1d1dd22	GET	/images/pic05.jpg	undefined
20231130	11:04:17	71574df5-bbf6-472a-9b05-0f93fc1c2e13	GET	/images/pic06.jpg	undefined
20231130	11:04:17	dcf2d77a-cf32-4dee-a699-95e53b38a69f	GET	/images/pic07.jpg	undefined
20231130	11:04:17	c0bc8a4e-3fb9-4102-ad2a-3a03b6febc83	GET	/images/bg.jpg	undefined
20231130	11:04:22	4832ab41-886a-4241-95b8-24c45ffca16e	GET	/generic	undefined
20231130	11:04:22	37b0d00d-a8e3-45aa-a733-2945654d8ea4	GET	/images/pic11.jpg	undefined
20231130	11:04:22	1ca6b142-6c9b-459d-a8f4-0aa4855188af	GET	/images/pic12.png	undefined
20231130	11:04:22	c5576886-809f-4c24-ab94-378d1d44472b	GET	/images/bg.jpg	undefined
20231130	11:04:29	3ec4de18-a03a-466e-b417-6a6b1fe2aacb	GET	/index	undefined
20231130	11:06:44	38ce6bb8-0fbe-4276-a67a-05ca410df115	GET	/	undefined
20231130	11:06:44	23452d8c-f651-4a1d-9dbc-110ffdc7cd58	GET	/images/pic01.jpg	undefined
20231130	11:06:44	c5005ce4-b0b9-491c-8e89-74ef985d9fa5	GET	/images/pic02.jpg	undefined
20231130	11:06:44	25796439-f629-4ce2-a508-d07a316dc3ea	GET	/images/pic03.jpg	undefined
20231130	11:06:44	6baae4f1-5a5c-4d56-bd6d-ad6eba35af96	GET	/images/pic05.jpg	undefined
20231130	11:06:44	b6568992-761e-466a-8de6-954b9c5cd51d	GET	/images/pic04.jpg	undefined
20231130	11:06:44	ececbe27-dac3-4983-9d59-cc9bb4db4da9	GET	/images/pic06.jpg	undefined
20231130	11:06:44	fe7329a8-0050-4811-aa81-5b664967d238	GET	/images/pic07.jpg	undefined
20231130	11:06:44	f8175bb7-7106-49f4-a6fe-99ec079c4209	GET	/images/bg.jpg	undefined
20231130	11:07:47	c7ae7005-bf0d-4d79-979d-d30143d3ac82	GET	/generic	undefined
20231130	11:07:47	6886dabc-a259-4629-b05a-87b13aa20a6a	GET	/images/pic11.jpg	undefined
20231130	11:07:47	72b786d6-6263-43cc-96e6-53193d1360a6	GET	/images/pic12.png	undefined
20231130	11:07:47	230cbef6-8aab-4de8-8dd7-237af118c83f	GET	/images/bg.jpg	undefined
20231130	11:07:58	8ea0823d-7bdd-4679-bb7b-02c3c0e6fb59	GET	/	undefined
20231130	11:07:58	045afab6-54f0-4f22-afc5-964c103205e2	GET	/images/pic01.jpg	undefined
20231130	11:07:58	7ac40f3c-c384-445a-8f9d-9c6119c0207b	GET	/images/pic02.jpg	undefined
20231130	11:07:58	b58d5cf2-1733-4899-8a91-c744bd1837d8	GET	/images/pic05.jpg	undefined
20231130	11:07:58	d84fdc3f-5038-4578-921f-1c24f100ba48	GET	/images/pic04.jpg	undefined
20231130	11:07:58	66c6be95-c7ea-4f9e-9d50-b17d30f0c71d	GET	/images/pic03.jpg	undefined
20231130	11:07:58	404e0877-3314-4c81-aed7-384eb3cf8017	GET	/images/pic06.jpg	undefined
20231130	11:07:58	5b63b44e-8d35-4a2a-b972-f25232aa3a97	GET	/images/pic07.jpg	undefined
20231130	11:07:58	78f9cd90-b4ea-4cbf-8427-92f294312116	GET	/images/bg.jpg	undefined
20231130	11:08:03	ea0cc80e-38f2-4cca-825d-f0d577078f07	GET	/login	undefined
20231130	11:09:33	aa896303-2118-4743-bf74-5f154f97bb05	GET	/login	undefined
20231130	11:10:05	37bc0bc2-17df-4514-98a8-ab53cce4fc29	GET	/signup	undefined
20231130	11:10:26	9c694fce-0be8-442f-9c31-a09b2ee0d408	GET	/signup	undefined
20231130	11:11:58	6332465f-c233-4b90-ba71-3b239ef6ef5a	GET	/	undefined
20231130	11:11:58	25de2dfa-a030-4c99-8349-155cf60fef91	GET	/images/pic01.jpg	undefined
20231130	11:11:58	04eb5c8c-807f-4e99-bdac-8139ce471702	GET	/images/pic02.jpg	undefined
20231130	11:11:58	dea7d8d3-b567-4d5f-b38b-6bcdf1ff9704	GET	/images/pic03.jpg	undefined
20231130	11:11:58	a96f1aca-c87f-4ff6-8ecc-b637420d6db7	GET	/images/pic04.jpg	undefined
20231130	11:11:58	2ae80419-989c-4820-a1ed-b20f31f2da04	GET	/images/pic05.jpg	undefined
20231130	11:11:58	29f1bb01-10f7-41ac-b3ba-0d4977f680cb	GET	/images/pic06.jpg	undefined
20231130	11:11:58	fe683ed2-4001-4a3a-a539-55d7aa743555	GET	/images/pic07.jpg	undefined
20231130	11:11:58	3ccdd3d8-bd6b-471c-b52d-fcbea91055ae	GET	/images/bg.jpg	undefined
20231130	11:13:17	101111ef-e75c-45e8-b17a-da459b07e6c7	GET	/signup	undefined
20231130	11:13:27	b6a00b7c-34fa-4410-9b3f-48cabe929191	POST	/register	http://localhost:3500
20231130	11:13:27	8b758476-ebaa-4901-be1f-187960c1a849	GET	/login	undefined
20231130	11:13:35	a34cc177-2faf-481f-a3ad-02b5812cb9f0	POST	/login	http://localhost:3500
20231130	11:14:17	daa0c5f0-b11b-4579-a106-cade1cff19b7	POST	/login	http://localhost:3500
20231130	11:16:27	67539e14-b86f-428c-ac8e-d64117bb5c69	GET	/developer	undefined
20231130	11:16:34	7423499a-b714-4a4f-81f7-62a242ac221c	POST	/login	http://localhost:3500
20231130	11:24:01	f8c323bc-9d85-44e6-a396-545ba7329e41	POST	/logout	http://localhost:3500
20231130	11:24:01	54c5075d-a273-4ffe-9877-be68e53a0e78	GET	/login	undefined
20231130	11:28:24	bec29549-a3d3-407e-847b-f87eca98cfac	POST	/login	http://localhost:3500
20231130	11:28:27	4fca0c62-4e1a-4413-af3d-785091b9dd7d	POST	/logout	http://localhost:3500
20231130	11:28:27	07341d83-3962-4fc2-bc3a-acc4838f44c9	GET	/login	undefined
20231130	11:29:42	c0adaae3-cc07-42c1-8eb7-ff25bab68376	POST	/login	http://localhost:3500
20231130	11:29:45	d6e61989-a391-48eb-a0e6-85f1306f1861	POST	/logout	http://localhost:3500
20231130	11:30:30	62f832dd-ad88-40df-ba68-9eef4eabec8c	POST	/logout	http://localhost:3500
20231130	11:30:30	3f1da99b-3129-4262-b8bd-63257aad20e3	GET	/login	undefined
20231130	11:44:21	0f2370f1-f0ed-4687-97f6-79f9ee449869	POST	/login	http://localhost:3500
20231130	11:44:32	c87563c7-fbf8-4b0e-af39-bd67c9501e8d	GET	/login	undefined
20231130	11:44:40	761cc07a-f292-4360-8df2-8a4c5c7b33b0	POST	/login	http://localhost:3500
20231130	11:45:23	e04c4448-1da2-4c7c-a637-9b14eb8a2da8	POST	/login	http://localhost:3500
20231130	11:47:43	db4a0add-a030-4fa1-8e22-236376493cf1	POST	/logout	http://localhost:3500
20231130	11:47:43	5da54e57-6eda-40c0-8577-bfa75e0a9a2f	GET	/login	undefined
20231130	11:47:48	81a30ed4-f5e4-466d-b567-76be53878b47	POST	/login	http://localhost:3500
20231130	11:47:49	7e863471-9856-4322-9bd5-53474e287244	POST	/logout	http://localhost:3500
20231130	11:47:49	d0b213b3-3d85-4f5a-a6ce-e185d6431bef	GET	/login	undefined
20231130	11:48:30	d1f6eda5-9588-4ea4-9fb1-9d090245c283	GET	/login	undefined
20231130	11:48:32	472fad43-ed39-4f23-9ab3-4a3142cb22b3	GET	/	undefined
20231130	11:48:32	6fbd2802-13be-4243-8036-825de3f9a082	GET	/images/pic02.jpg	undefined
20231130	11:48:32	a60afb36-800e-4216-b52b-bee2dade094b	GET	/images/pic01.jpg	undefined
20231130	11:48:32	4a417e19-b69b-44b0-9344-5f0156c82fa0	GET	/images/pic05.jpg	undefined
20231130	11:48:32	3849abe1-2fae-4380-8258-026a68bb1686	GET	/images/pic03.jpg	undefined
20231130	11:48:32	2f1e1a57-1cfe-4e9e-9440-5dee9bcdfb8f	GET	/images/pic04.jpg	undefined
20231130	11:48:32	354b1a8e-db08-4765-8c3e-4c2d2bee43bf	GET	/images/pic06.jpg	undefined
20231130	11:48:32	b31f234a-1660-4d6f-97b2-18316ba0c525	GET	/images/pic07.jpg	undefined
20231130	11:48:32	e6fe91d7-c1b5-4e96-8eff-0b12d9a6195a	GET	/images/bg.jpg	undefined
20231130	12:07:28	158d705b-ef39-4851-b2ba-93a497a18ee2	GET	/login	undefined
20231130	12:07:30	2a12c0d6-61f4-4fce-a7b2-ee4afefaf850	GET	/signup	undefined
20231130	12:07:31	12b27a6e-d76b-4a45-af83-97fdb65c52d7	GET	/	undefined
20231130	12:07:31	7a811bc1-8d5e-4649-aaf6-856aa11dfe08	GET	/images/pic01.jpg	undefined
20231130	12:07:31	4a3f494d-6963-4ae8-838e-916477bcf810	GET	/images/pic04.jpg	undefined
20231130	12:07:31	db3056c9-d80f-460f-9cf7-95f5bb848de8	GET	/images/pic03.jpg	undefined
20231130	12:07:31	b1eac9b6-fa46-4039-8507-1bfc6f6f7e16	GET	/images/pic02.jpg	undefined
20231130	12:07:31	3c824a83-6c98-4868-9b41-7fb6030ebd2a	GET	/images/pic05.jpg	undefined
20231130	12:07:31	093df296-54d8-4363-bac8-1c6cf921cc2d	GET	/images/pic06.jpg	undefined
20231130	12:07:31	1eb8f34d-c3cc-43e8-9fd5-8dd9d30f1be7	GET	/images/pic07.jpg	undefined
20231130	12:07:31	07bb9380-2a80-44df-8b93-7b334d6e6384	GET	/images/bg.jpg	undefined
20231130	12:08:32	8f1b3af7-3367-439a-a671-89540f00df0a	GET	/	undefined
20231130	12:08:32	4e251366-4d45-4776-8223-80d6f0958e3f	GET	/images/pic01.jpg	undefined
20231130	12:08:32	9463928c-4773-427e-b4e5-d146cf2bb357	GET	/images/pic03.jpg	undefined
20231130	12:08:32	b741f9ab-4a26-4a42-a16a-82a0ce7dd72f	GET	/images/pic05.jpg	undefined
20231130	12:08:32	8da0daa1-7d58-4054-852d-f60b566cd50f	GET	/images/pic04.jpg	undefined
20231130	12:08:32	6fa90972-5fc5-494d-9950-0025442ee16f	GET	/images/pic02.jpg	undefined
20231130	12:08:32	7fa382f7-34c0-4d65-baf5-79b884b02443	GET	/images/pic06.jpg	undefined
20231130	12:08:32	9df9a4eb-9c55-4578-933f-b778a88f56da	GET	/images/pic07.jpg	undefined
20231130	12:08:32	04af41e3-433b-4ac3-8907-a75d14da01b0	GET	/images/bg.jpg	undefined
20231130	12:08:39	880f73dc-94ae-45da-a0b5-c8bf17257243	GET	/generic	undefined
20231130	12:08:39	d196243d-f8ba-4213-ae26-034f60f4c978	GET	/images/pic11.jpg	undefined
20231130	12:08:39	51ee41f4-224d-42e7-a47c-b02ad951a86e	GET	/images/pic12.png	undefined
20231130	12:08:40	dd8f322d-c357-4df9-b08a-96d4d1bada8c	GET	/images/bg.jpg	undefined
20231130	12:08:44	1fc7698b-1245-4c8c-af7a-3eb4e5b8ddf8	GET	/elements	undefined
20231130	12:08:44	6b56f20e-7cb5-4c1d-a5e5-1e618cb51bbb	GET	/images/pic08.jpg	undefined
20231130	12:08:44	8f460a93-f123-4449-a329-53e3cde8c246	GET	/images/pic05.jpg	undefined
20231130	12:08:44	64a3ebd8-3248-4c21-9156-2cd9d8d97084	GET	/images/pic07.jpg	undefined
20231130	12:08:44	312dfeb3-8bee-4681-a0a5-9a61ab7fcc85	GET	/images/pic06.jpg	undefined
20231130	12:08:44	2a850d8e-fa1c-4849-bd0e-f3702d9c46ba	GET	/images/pic09.jpg	undefined
20231130	12:08:44	8a1ed71e-96dc-4213-8583-95e282b717f0	GET	/images/pic10.jpg	undefined
20231130	12:08:44	ea6aefd6-841f-4afa-b56d-f453ad15033d	GET	/images/bg.jpg	undefined
20231130	12:10:17	61d27c1a-0d1e-42bb-9fa9-23fae4d7f694	GET	/elements	undefined
20231130	12:10:17	78f5db01-57c9-452f-8763-5149818f6912	GET	/images/pic08.jpg	undefined
20231130	12:10:17	9aac57c0-4bff-4b19-8779-ded5d77c704f	GET	/images/pic05.jpg	undefined
20231130	12:10:17	e11249e1-d869-4f04-ba22-b1a3dc7a5efd	GET	/images/pic06.jpg	undefined
20231130	12:10:17	6a1ffd42-5734-42e7-afca-9031c50706e5	GET	/images/pic07.jpg	undefined
20231130	12:10:17	37c1b9b9-1119-48e1-b136-1eacaebce60c	GET	/images/pic10.jpg	undefined
20231130	12:10:17	f2658661-6403-486a-afae-c84674535e54	GET	/images/pic09.jpg	undefined
20231130	12:10:17	db882164-3a2c-4551-9a32-ba91cacc7d7a	GET	/images/bg.jpg	undefined
20231130	12:10:20	381b5363-6f09-4db3-beba-7e708126101f	GET	/	undefined
20231130	12:10:20	6c3b1bce-f2a9-42df-880a-e4f9cd4218be	GET	/images/pic02.jpg	undefined
20231130	12:10:20	1245a4e7-b407-4193-91f2-a72d24f32f4a	GET	/images/pic04.jpg	undefined
20231130	12:10:20	bdd4970a-ed6c-425f-809e-5146a603699a	GET	/images/pic01.jpg	undefined
20231130	12:10:20	378ab632-6c9a-4a65-926f-498800959a97	GET	/images/pic05.jpg	undefined
20231130	12:10:20	9f790141-69fd-40b6-8b9f-10420e51af5a	GET	/images/pic03.jpg	undefined
20231130	12:10:20	bdfddeb9-79ca-42de-8f51-3aeafd657c01	GET	/images/pic06.jpg	undefined
20231130	12:10:20	f2a8ef93-44aa-4cce-bd77-14272caa5c1f	GET	/images/pic07.jpg	undefined
20231130	12:10:20	6d87d9f7-51be-4ced-8e11-3bbb4a8a0fdf	GET	/images/bg.jpg	undefined
20231130	12:10:37	26e95ca2-0921-47d6-bcae-2121537483a8	GET	/	undefined
20231130	12:10:37	fb205f1f-0168-4a0a-b62a-936401595366	GET	/images/pic01.jpg	undefined
20231130	12:10:37	984e2695-974a-4dbc-9e42-d18277711862	GET	/images/pic02.jpg	undefined
20231130	12:10:37	c0a143b9-c4d5-401d-ab34-325624d7e298	GET	/images/pic04.jpg	undefined
20231130	12:10:37	04a79ab0-d2eb-4e0c-97ff-2648b1e1350c	GET	/images/pic03.jpg	undefined
20231130	12:10:37	8146f023-8a0a-4afb-96f1-fd39bdeb7bb4	GET	/images/pic05.jpg	undefined
20231130	12:10:37	19315deb-d3b2-42f9-abe9-d86ee2640f53	GET	/images/pic06.jpg	undefined
20231130	12:10:37	b8ef348c-c0b7-4a5c-a8fc-6e2c989c3de0	GET	/images/pic07.jpg	undefined
20231130	12:10:37	c98adae7-32d2-43b9-bdfa-fde72a6e69c0	GET	/images/bg.jpg	undefined
20231130	12:27:54	b9050960-26ac-4545-b09a-816c47da782e	GET	/	undefined
20231130	12:27:54	b809945c-4f1e-4de9-af03-d1f3bcb5c7c8	GET	/images/pic01.jpg	undefined
20231130	12:27:54	65ed11ef-62fd-4134-b7b3-ebea64466987	GET	/images/pic02.jpg	undefined
20231130	12:27:54	be9c4c1c-64cd-46f3-bed7-cbeec8185785	GET	/images/pic03.jpg	undefined
20231130	12:27:54	f6aee7d0-94a4-4aa4-a02e-51fdd85379d3	GET	/images/pic04.jpg	undefined
20231130	12:27:54	e89ab1b2-1eb5-44bc-8ad4-5f34a436dad3	GET	/images/pic05.jpg	undefined
20231130	12:27:54	e0a5dc7f-efbf-4cbf-98a6-d0f4928811d1	GET	/images/pic06.jpg	undefined
20231130	12:27:54	ba80eb2f-44b5-4c6b-9568-7ff1a693b8dd	GET	/images/pic07.jpg	undefined
20231130	12:27:54	a778670c-148e-422d-a711-b8eca956843a	GET	/images/bg.jpg	undefined
20231130	12:33:12	88da1347-625f-4b14-93a7-bdce36dc47f7	GET	/	undefined
20231130	12:33:12	2e242ba4-1902-4c4c-81a3-de7acac50647	GET	/images/pic01.jpg	undefined
20231130	12:33:12	3442955f-da04-4204-94a6-478bef210f32	GET	/images/pic02.jpg	undefined
20231130	12:33:12	cda47820-0ccc-44ee-8e47-85885a87a4aa	GET	/images/pic03.jpg	undefined
20231130	12:33:12	09679818-d939-4bf3-88a1-5f96488af93a	GET	/images/pic04.jpg	undefined
20231130	12:33:12	e3520659-aaa1-4b57-a0a9-79ea82c4b665	GET	/images/pic05.jpg	undefined
20231130	12:33:12	b1589cea-c958-48b9-b687-8aab4c36c2a0	GET	/images/pic06.jpg	undefined
20231130	12:33:12	cdc3ca25-763f-43ac-a5ac-9388eeb873fc	GET	/images/pic07.jpg	undefined
20231130	12:33:12	8e24fb45-c6c7-4e4c-8c73-f4343234859e	GET	/images/bg.jpg	undefined
20231130	12:35:52	8cb0434a-2703-4dab-918b-59b2f616cbdb	GET	/elements	undefined
20231130	12:35:52	899efc98-9780-4152-85fc-df9ac0508322	GET	/images/pic08.jpg	undefined
20231130	12:35:52	ae5d0b15-3898-4343-a25b-7a570673cb81	GET	/images/pic05.jpg	undefined
20231130	12:35:52	9ca4f9b9-1df0-4da7-9759-101e6b376f4e	GET	/images/pic06.jpg	undefined
20231130	12:35:52	a3a709ec-041e-4044-9d66-46fd68ded829	GET	/images/pic07.jpg	undefined
20231130	12:35:52	85059e64-ec97-4c74-93a5-4f63fc4c1b58	GET	/images/pic09.jpg	undefined
20231130	12:35:52	23e9c6f8-e372-425d-8d4f-a2a054842f41	GET	/images/pic10.jpg	undefined
20231130	12:35:52	128468e1-2c8b-4ac0-a082-afd643926b8f	GET	/images/bg.jpg	undefined
20231130	12:36:26	3d571946-1c84-4649-877a-f6895f862296	GET	/generic	undefined
20231130	12:36:26	0b44ecd2-0be7-4166-bf43-671217ac4112	GET	/images/pic11.jpg	undefined
20231130	12:36:26	9d4ccf5c-89c3-466c-985f-374fd1b72e37	GET	/images/pic12.png	undefined
20231130	12:36:26	aabd738b-11ee-40ce-a72b-e7548183ddad	GET	/images/bg.jpg	undefined
20231130	12:40:47	44455c1d-4a86-4525-a5e8-25fb9c1db7de	GET	/	undefined
20231130	12:40:47	3dd03946-644a-470b-af3e-e9309116d1cb	GET	/images/pic01.jpg	undefined
20231130	12:40:47	8861afcf-7e36-487e-a066-2d168c53a4df	GET	/images/pic02.jpg	undefined
20231130	12:40:47	5ecc1179-8d30-4e13-8fcb-17b1dc0ad06a	GET	/images/pic03.jpg	undefined
20231130	12:40:47	4bd834de-2b03-4944-95f2-854d8274bf5e	GET	/images/pic04.jpg	undefined
20231130	12:40:47	a6684376-a825-48c8-93ae-4d3822136374	GET	/images/pic05.jpg	undefined
20231130	12:40:47	f3facde0-e650-4390-8a19-07858493dc4a	GET	/images/pic06.jpg	undefined
20231130	12:40:47	a8fa2ff6-b784-4160-af21-133e2a1e5b40	GET	/images/pic07.jpg	undefined
20231130	12:40:47	475f2392-8fda-444f-b77f-f43e5d19e88c	GET	/images/bg.jpg	undefined
20231130	12:41:07	4c08b1b8-d4e0-4cf8-a2d2-508ef3b0a01a	GET	/	undefined
20231130	12:41:07	1105bc0b-452e-494c-9153-dbf4328f0a99	GET	/images/pic01.jpg	undefined
20231130	12:41:07	f26822bc-3f68-4932-a560-d7189a50d26c	GET	/images/pic03.jpg	undefined
20231130	12:41:07	9e360ae8-e432-4ead-8b50-72ae220aed0c	GET	/images/pic04.jpg	undefined
20231130	12:41:07	01a74f43-e9c0-4de6-9658-569d4f4d1c91	GET	/images/pic02.jpg	undefined
20231130	12:41:07	18f917a8-2da0-4356-bcf4-67434f18eb9e	GET	/images/pic05.jpg	undefined
20231130	12:41:08	ea71792a-48ce-4779-9897-2e20e95dd732	GET	/images/pic06.jpg	undefined
20231130	12:41:08	4fe3bbd5-9924-4e42-82b3-7e8801c3193a	GET	/images/pic07.jpg	undefined
20231130	12:41:08	36140cc3-d477-4770-af4d-247ca8faa594	GET	/images/bg.jpg	undefined
20231130	12:45:14	83acace1-10c4-4feb-95ae-24472378b70f	GET	/	undefined
20231130	12:45:14	d5ca714e-82e5-4754-9ea3-5af8aa2e321a	GET	/images/pic01.jpg	undefined
20231130	12:45:14	21ebf08e-630a-481c-a765-1f6d2cbf3a17	GET	/images/pic02.jpg	undefined
20231130	12:45:14	d0c9fecf-0056-4a09-b986-be78db234aef	GET	/images/pic03.jpg	undefined
20231130	12:45:14	aa6e9bf0-093d-4ad0-b5fd-f6f139f6b792	GET	/images/pic05.jpg	undefined
20231130	12:45:14	d4a0c5a1-0006-4851-ad9d-642ada856fed	GET	/images/pic04.jpg	undefined
20231130	12:45:14	eee6088c-7999-46b2-875d-186b95cd7617	GET	/images/pic06.jpg	undefined
20231130	12:45:14	e0549bf8-7ee7-4d5d-afde-795a92091801	GET	/images/pic07.jpg	undefined
20231130	12:45:15	4f02e2c9-ac05-4727-815f-9cc9432ccef3	GET	/images/bg.jpg	undefined
20231130	18:37:35	0767cdc2-7c19-4b8c-8b90-8d39f461c81a	GET	/	undefined
20231130	18:37:35	6281cbc7-a7f2-405d-92a2-c73b9cba321c	GET	/images/pic01.jpg	undefined
20231130	18:37:35	8e1fd7f1-acc4-47c5-97e6-e21d38676ae1	GET	/images/pic02.jpg	undefined
20231130	18:37:35	b0689146-d039-4620-a8a2-6e966ba70f50	GET	/images/pic04.jpg	undefined
20231130	18:37:35	d025de06-f6d2-417d-92dd-3a69617db7e1	GET	/images/pic05.jpg	undefined
20231130	18:37:35	c1fd89e6-4463-4ec8-9a8b-1ce46eebf4cd	GET	/images/pic03.jpg	undefined
20231130	18:37:35	4fe704df-c5a5-4601-b088-478e479029fa	GET	/images/pic06.jpg	undefined
20231130	18:37:35	cb443fd7-e9f2-42d1-96d1-4114240057bb	GET	/images/pic07.jpg	undefined
20231130	18:37:35	8b7faf37-9934-427c-9962-9349c99256b5	GET	/images/bg.jpg	undefined
20231130	18:37:35	b5fe3cb1-a750-475c-9deb-f5627395d9c0	GET	/favicon.ico	undefined
20231130	18:41:06	b8324a72-95c8-4232-9e8e-b2deb715a207	GET	/	undefined
20231130	18:41:06	56a48a4d-848c-46b3-9374-202282094ab3	GET	/images/pic01.jpg	undefined
20231130	18:41:06	5ca5dc5f-3092-450e-a888-56a0593c80c4	GET	/images/pic02.jpg	undefined
20231130	18:41:06	84865683-c068-4aac-8a39-d76e6db15b52	GET	/images/pic05.jpg	undefined
20231130	18:41:06	60e37e47-22c1-4e45-8c04-bed97d9ba2af	GET	/images/pic04.jpg	undefined
20231130	18:41:06	d1c15401-d30a-415c-be54-8badfad6f9d2	GET	/images/pic03.jpg	undefined
20231130	18:41:06	5218dd51-d747-4e64-ad8c-744a55d104c0	GET	/images/pic06.jpg	undefined
20231130	18:41:06	a8e0b6db-2418-4539-b8e1-bb0751ff14c9	GET	/images/pic07.jpg	undefined
20231130	18:41:06	08076e70-02b8-4217-98ad-9ab13cd8d085	GET	/images/bg.jpg	undefined
20231130	18:41:34	0b2c98a4-4f60-47aa-a326-884ae224566d	GET	/	undefined
20231130	18:44:53	0e511de0-cf6e-4f93-8d04-a4bdd11d13c6	GET	/	undefined
20231130	18:56:21	373ceb7d-f6bb-41a6-8b96-ad2c0eceaa1c	GET	/	undefined
20231130	18:56:26	8bcdbd60-7677-4eb5-be4c-d01ed43058dc	GET	/generic	undefined
20231130	18:56:26	41ebd919-4690-447b-a6ee-11338e74d5c4	GET	/favicon.ico	undefined
20231130	18:56:33	cadfda86-2511-4e00-9cf5-d7328f0405cb	GET	/login	undefined
20231130	18:56:41	b7270e8c-a407-4349-827b-397d7d285a7c	GET	/signup	undefined
20231202	21:46:00	fb03dba2-c071-4263-b59c-b4fadd203b93	GET	/	undefined
20231202	21:47:00	9321b67f-25cb-43ce-bd16-e9512b686406	GET	/	undefined
